<?xml version="1.0" encoding="UTF-8"?>
<testng-results ignored="1" total="2" passed="1" failed="0" skipped="0">
  <reporter-output>
  </reporter-output>
  <suite started-at="2025-02-26T23:23:53 IST" name="test" finished-at="2025-02-26T23:23:56 IST" duration-ms="2880">
    <groups>
    </groups>
    <test started-at="2025-02-26T23:23:53 IST" name="test1" finished-at="2025-02-26T23:23:56 IST" duration-ms="2880">
      <class name="ecommerce.GetMethods">
        <test-method is-config="true" signature="setup()[pri:0, instance:ecommerce.GetMethods@752325ad]" started-at="2025-02-26T23:23:53 IST" name="setup" finished-at="2025-02-26T23:23:56 IST" duration-ms="2684" status="PASS">
          <reporter-output>
          </reporter-output>
        </test-method> <!-- setup -->
        <test-method signature="conditionStatement()[pri:0, instance:ecommerce.GetMethods@752325ad]" started-at="2025-02-26T23:23:56 IST" name="conditionStatement" finished-at="2025-02-26T23:23:56 IST" duration-ms="7" status="PASS">
          <reporter-output>
          </reporter-output>
        </test-method> <!-- conditionStatement -->
        <test-method is-config="true" signature="endup()[pri:0, instance:ecommerce.GetMethods@752325ad]" started-at="2025-02-26T23:23:56 IST" name="endup" finished-at="2025-02-26T23:23:56 IST" duration-ms="154" status="PASS">
          <reporter-output>
          </reporter-output>
        </test-method> <!-- endup -->
      </class> <!-- ecommerce.GetMethods -->
    </test> <!-- test1 -->
  </suite> <!-- test -->
</testng-results>
